2025.01.03 15:13:44 INFO  Started: Metals version 1.0.0 in folders '/nfs/home/luguangyang/ReNPU' for client Visual Studio Code 1.95.3.
Jan 03, 2025 3:13:44 PM org.flywaydb.core.internal.license.VersionPrinter printVersionOnly
INFO: Flyway Community Edition 9.20.1 by Redgate
Jan 03, 2025 3:13:44 PM org.flywaydb.core.internal.license.VersionPrinter printVersion
INFO: See release notes here: https://rd.gt/416ObMi
Jan 03, 2025 3:13:44 PM org.flywaydb.core.internal.license.VersionPrinter printVersion
INFO: 
Jan 03, 2025 3:13:44 PM org.flywaydb.core.internal.database.base.BaseDatabaseType createDatabase
INFO: Database: jdbc:h2:file:/nfs/home/luguangyang/ReNPU/.metals/metals (H2 2.1)
Jan 03, 2025 3:13:44 PM org.flywaydb.core.internal.schemahistory.JdbcTableSchemaHistory allAppliedMigrations
INFO: Schema history table "PUBLIC"."flyway_schema_history" does not exist yet
Jan 03, 2025 3:13:44 PM org.flywaydb.core.internal.command.DbValidate validate
INFO: Successfully validated 4 migrations (execution time 00:00.011s)
Jan 03, 2025 3:13:44 PM org.flywaydb.core.internal.schemahistory.JdbcTableSchemaHistory create
INFO: Creating Schema History table "PUBLIC"."flyway_schema_history" ...
Jan 03, 2025 3:13:44 PM org.flywaydb.core.internal.command.DbMigrate migrateGroup
INFO: Current version of schema "PUBLIC": << Empty Schema >>
Jan 03, 2025 3:13:44 PM org.flywaydb.core.internal.command.DbMigrate doMigrateGroup
INFO: Migrating schema "PUBLIC" to version "1 - Create tables"
Jan 03, 2025 3:13:44 PM org.flywaydb.core.internal.command.DbMigrate doMigrateGroup
INFO: Migrating schema "PUBLIC" to version "2 - Server discovery"
Jan 03, 2025 3:13:44 PM org.flywaydb.core.internal.command.DbMigrate doMigrateGroup
INFO: Migrating schema "PUBLIC" to version "3 - Jar symbols"
Jan 03, 2025 3:13:44 PM org.flywaydb.core.internal.command.DbMigrate doMigrateGroup
INFO: Migrating schema "PUBLIC" to version "4 - Fingerprints"
Jan 03, 2025 3:13:44 PM org.flywaydb.core.internal.command.DbMigrate logSummary
INFO: Successfully applied 4 migrations to schema "PUBLIC", now at version v4 (execution time 00:00.016s)
2025.01.03 15:13:44 INFO  time: initialize in 0.52s
2025.01.03 15:13:46 WARN  Build server is not auto-connectable.
2025.01.03 15:13:46 WARN  no build tool detected in workspace '/nfs/home/luguangyang/ReNPU'. The most common cause for this problem is that the editor was opened in the wrong working directory, for example if you use sbt then the workspace directory should contain build.sbt. 
